# JRE version: OpenJDK Runtime Environment Microsoft-8035246 (17.0.8+7) (build 17.0.8+7-LTS)
# Java VM: OpenJDK 64-Bit Server VM Microsoft-8035246 (17.0.8+7-LTS, mixed mode, sharing, tiered, compressed oops, compressed class ptrs, g1 gc, windows-amd64)
GC Precious Log:
 CPUs: 12 total, 12 available
 Memory: 16091M
 Large Page Support: Disabled
 NUMA Support: Disabled
 Compressed Oops: Enabled (32-bit)
 Heap Region Size: 1M
 Heap Min Capacity: 8M
 Heap Initial Capacity: 252M
 Heap Max Capacity: 2G
 Pre-touch: Disabled
 Parallel Workers: 10
 Concurrent Workers: 3
 Concurrent Refinement Workers: 10
 Periodic GC: Disabled
Heap:
 garbage-first heap   total 271360K, used 212734K [0x0000000080000000, 0x0000000100000000)
  region size 1024K, 42 young (43008K), 7 survivors (7168K)
 Metaspace       used 105091K, committed 106240K, reserved 557056K
  class space    used 14695K, committed 15232K, reserved 425984K
GC Heap History (20 events):
Event: 25.114 GC heap before
{Heap before GC invocations=44 (full 0):
 garbage-first heap   total 271360K, used 196529K [0x0000000080000000, 0x0000000100000000)
  region size 1024K, 104 young (106496K), 3 survivors (3072K)
 Metaspace       used 88590K, committed 89344K, reserved 557056K
  class space    used 12452K, committed 12800K, reserved 425984K
}
Event: 25.118 GC heap after
{Heap after GC invocations=45 (full 0):
 garbage-first heap   total 271360K, used 97348K [0x0000000080000000, 0x0000000100000000)
  region size 1024K, 8 young (8192K), 8 survivors (8192K)
 Metaspace       used 88590K, committed 89344K, reserved 557056K
  class space    used 12452K, committed 12800K, reserved 425984K
}
Event: 25.160 GC heap before
{Heap before GC invocations=45 (full 0):
 garbage-first heap   total 271360K, used 101444K [0x0000000080000000, 0x0000000100000000)
  region size 1024K, 13 young (13312K), 8 survivors (8192K)
 Metaspace       used 88911K, committed 89664K, reserved 557056K
  class space    used 12502K, committed 12864K, reserved 425984K
}
Event: 25.164 GC heap after
{Heap after GC invocations=46 (full 0):
 garbage-first heap   total 271360K, used 97943K [0x0000000080000000, 0x0000000100000000)
  region size 1024K, 2 young (2048K), 2 survivors (2048K)
 Metaspace       used 88911K, committed 89664K, reserved 557056K
  class space    used 12502K, committed 12864K, reserved 425984K
}
Event: 27.231 GC heap before
{Heap before GC invocations=46 (full 0):
 garbage-first heap   total 271360K, used 204439K [0x0000000080000000, 0x0000000100000000)
  region size 1024K, 105 young (107520K), 2 survivors (2048K)
 Metaspace       used 93847K, committed 94784K, reserved 557056K
  class space    used 13185K, committed 13632K, reserved 425984K
}
Event: 27.243 GC heap after
{Heap after GC invocations=47 (full 0):
 garbage-first heap   total 271360K, used 118121K [0x0000000080000000, 0x0000000100000000)
  region size 1024K, 14 young (14336K), 14 survivors (14336K)
 Metaspace       used 93847K, committed 94784K, reserved 557056K
  class space    used 13185K, committed 13632K, reserved 425984K
}
Event: 29.035 GC heap before
{Heap before GC invocations=47 (full 0):
 garbage-first heap   total 271360K, used 210281K [0x0000000080000000, 0x0000000100000000)
  region size 1024K, 99 young (101376K), 14 survivors (14336K)
 Metaspace       used 95129K, committed 96128K, reserved 557056K
  class space    used 13314K, committed 13760K, reserved 425984K
}
Event: 29.048 GC heap after
{Heap after GC invocations=48 (full 0):
 garbage-first heap   total 271360K, used 145586K [0x0000000080000000, 0x0000000100000000)
  region size 1024K, 13 young (13312K), 13 survivors (13312K)
 Metaspace       used 95129K, committed 96128K, reserved 557056K
  class space    used 13314K, committed 13760K, reserved 425984K
}
Event: 29.613 GC heap before
{Heap before GC invocations=48 (full 0):
 garbage-first heap   total 271360K, used 207026K [0x0000000080000000, 0x0000000100000000)
  region size 1024K, 73 young (74752K), 13 survivors (13312K)
 Metaspace       used 99527K, committed 100608K, reserved 557056K
  class space    used 13954K, committed 14464K, reserved 425984K
}
Event: 29.620 GC heap after
{Heap after GC invocations=49 (full 0):
 garbage-first heap   total 271360K, used 150756K [0x0000000080000000, 0x0000000100000000)
  region size 1024K, 4 young (4096K), 4 survivors (4096K)
 Metaspace       used 99527K, committed 100608K, reserved 557056K
  class space    used 13954K, committed 14464K, reserved 425984K
}
Event: 43.006 GC heap before
{Heap before GC invocations=49 (full 0):
 garbage-first heap   total 271360K, used 213220K [0x0000000080000000, 0x0000000100000000)
  region size 1024K, 65 young (66560K), 4 survivors (4096K)
 Metaspace       used 102333K, committed 103488K, reserved 557056K
  class space    used 14300K, committed 14848K, reserved 425984K
}
Event: 43.013 GC heap after
{Heap after GC invocations=50 (full 0):
 garbage-first heap   total 271360K, used 158307K [0x0000000080000000, 0x0000000100000000)
  region size 1024K, 9 young (9216K), 9 survivors (9216K)
 Metaspace       used 102333K, committed 103488K, reserved 557056K
  class space    used 14300K, committed 14848K, reserved 425984K
}
Event: 43.470 GC heap before
{Heap before GC invocations=50 (full 0):
 garbage-first heap   total 271360K, used 216675K [0x0000000080000000, 0x0000000100000000)
  region size 1024K, 66 young (67584K), 9 survivors (9216K)
 Metaspace       used 102996K, committed 104064K, reserved 557056K
  class space    used 14358K, committed 14848K, reserved 425984K
}
Event: 43.478 GC heap after
{Heap after GC invocations=51 (full 0):
 garbage-first heap   total 271360K, used 164596K [0x0000000080000000, 0x0000000100000000)
  region size 1024K, 7 young (7168K), 7 survivors (7168K)
 Metaspace       used 102996K, committed 104064K, reserved 557056K
  class space    used 14358K, committed 14848K, reserved 425984K
}
Event: 43.850 GC heap before
{Heap before GC invocations=51 (full 0):
 garbage-first heap   total 271360K, used 219892K [0x0000000080000000, 0x0000000100000000)
  region size 1024K, 61 young (62464K), 7 survivors (7168K)
 Metaspace       used 104016K, committed 105152K, reserved 557056K
  class space    used 14544K, committed 15040K, reserved 425984K
}
Event: 43.856 GC heap after
{Heap after GC invocations=52 (full 0):
 garbage-first heap   total 271360K, used 171131K [0x0000000080000000, 0x0000000100000000)
  region size 1024K, 7 young (7168K), 7 survivors (7168K)
 Metaspace       used 104016K, committed 105152K, reserved 557056K
  class space    used 14544K, committed 15040K, reserved 425984K
}
Event: 44.287 GC heap before
{Heap before GC invocations=52 (full 0):
 garbage-first heap   total 271360K, used 221307K [0x0000000080000000, 0x0000000100000000)
  region size 1024K, 57 young (58368K), 7 survivors (7168K)
 Metaspace       used 104658K, committed 105792K, reserved 557056K
  class space    used 14642K, committed 15168K, reserved 425984K
}
Event: 44.292 GC heap after
{Heap after GC invocations=53 (full 0):
 garbage-first heap   total 271360K, used 173287K [0x0000000080000000, 0x0000000100000000)
  region size 1024K, 3 young (3072K), 3 survivors (3072K)
 Metaspace       used 104658K, committed 105792K, reserved 557056K
  class space    used 14642K, committed 15168K, reserved 425984K
}
Event: 44.674 GC heap before
{Heap before GC invocations=53 (full 0):
 garbage-first heap   total 271360K, used 224487K [0x0000000080000000, 0x0000000100000000)
  region size 1024K, 54 young (55296K), 3 survivors (3072K)
 Metaspace       used 105034K, committed 106240K, reserved 557056K
  class space    used 14695K, committed 15232K, reserved 425984K
}
Event: 44.679 GC heap after
{Heap after GC invocations=54 (full 0):
 garbage-first heap   total 271360K, used 178942K [0x0000000080000000, 0x0000000100000000)
  region size 1024K, 7 young (7168K), 7 survivors (7168K)
 Metaspace       used 105034K, committed 106240K, reserved 557056K
  class space    used 14695K, committed 15232K, reserved 425984K
}

