# JRE version: OpenJDK Runtime Environment Microsoft-8035246 (17.0.8+7) (build 17.0.8+7-LTS)
# Java VM: OpenJDK 64-Bit Server VM Microsoft-8035246 (17.0.8+7-LTS, mixed mode, sharing, tiered, compressed oops, compressed class ptrs, g1 gc, windows-amd64)
GC Precious Log:
 CPUs: 12 total, 12 available
 Memory: 16091M
 Large Page Support: Disabled
 NUMA Support: Disabled
 Compressed Oops: Enabled (32-bit)
 Heap Region Size: 1M
 Heap Min Capacity: 8M
 Heap Initial Capacity: 252M
 Heap Max Capacity: 2G
 Pre-touch: Disabled
 Parallel Workers: 10
 Concurrent Workers: 3
 Concurrent Refinement Workers: 10
 Periodic GC: Disabled
Heap:
 garbage-first heap   total 309248K, used 187735K [0x0000000080000000, 0x0000000100000000)
  region size 1024K, 14 young (14336K), 2 survivors (2048K)
 Metaspace       used 105013K, committed 106112K, reserved 557056K
  class space    used 14672K, committed 15232K, reserved 425984K
GC Heap History (20 events):
Event: 24.355 GC heap before
{Heap before GC invocations=54 (full 0):
 garbage-first heap   total 240640K, used 168337K [0x0000000080000000, 0x0000000100000000)
  region size 1024K, 32 young (32768K), 4 survivors (4096K)
 Metaspace       used 96039K, committed 97088K, reserved 557056K
  class space    used 13416K, committed 13952K, reserved 425984K
}
Event: 24.360 GC heap after
{Heap after GC invocations=55 (full 0):
 garbage-first heap   total 240640K, used 146536K [0x0000000080000000, 0x0000000100000000)
  region size 1024K, 4 young (4096K), 4 survivors (4096K)
 Metaspace       used 96039K, committed 97088K, reserved 557056K
  class space    used 13416K, committed 13952K, reserved 425984K
}
Event: 24.460 GC heap before
{Heap before GC invocations=55 (full 0):
 garbage-first heap   total 240640K, used 152680K [0x0000000080000000, 0x0000000100000000)
  region size 1024K, 11 young (11264K), 4 survivors (4096K)
 Metaspace       used 96390K, committed 97344K, reserved 557056K
  class space    used 13469K, committed 13952K, reserved 425984K
}
Event: 24.465 GC heap after
{Heap after GC invocations=56 (full 0):
 garbage-first heap   total 240640K, used 147018K [0x0000000080000000, 0x0000000100000000)
  region size 1024K, 1 young (1024K), 1 survivors (1024K)
 Metaspace       used 96390K, committed 97344K, reserved 557056K
  class space    used 13469K, committed 13952K, reserved 425984K
}
Event: 24.950 GC heap before
{Heap before GC invocations=56 (full 0):
 garbage-first heap   total 240640K, used 182858K [0x0000000080000000, 0x0000000100000000)
  region size 1024K, 36 young (36864K), 1 survivors (1024K)
 Metaspace       used 99570K, committed 100608K, reserved 557056K
  class space    used 13945K, committed 14464K, reserved 425984K
}
Event: 24.953 GC heap after
{Heap after GC invocations=57 (full 0):
 garbage-first heap   total 240640K, used 148109K [0x0000000080000000, 0x0000000100000000)
  region size 1024K, 2 young (2048K), 2 survivors (2048K)
 Metaspace       used 99570K, committed 100608K, reserved 557056K
  class space    used 13945K, committed 14464K, reserved 425984K
}
Event: 25.561 GC heap before
{Heap before GC invocations=58 (full 0):
 garbage-first heap   total 256000K, used 185997K [0x0000000080000000, 0x0000000100000000)
  region size 1024K, 39 young (39936K), 2 survivors (2048K)
 Metaspace       used 101368K, committed 102400K, reserved 557056K
  class space    used 14179K, committed 14720K, reserved 425984K
}
Event: 25.567 GC heap after
{Heap after GC invocations=59 (full 0):
 garbage-first heap   total 256000K, used 151530K [0x0000000080000000, 0x0000000100000000)
  region size 1024K, 5 young (5120K), 5 survivors (5120K)
 Metaspace       used 101368K, committed 102400K, reserved 557056K
  class space    used 14179K, committed 14720K, reserved 425984K
}
Event: 25.646 GC heap before
{Heap before GC invocations=59 (full 0):
 garbage-first heap   total 256000K, used 158698K [0x0000000080000000, 0x0000000100000000)
  region size 1024K, 12 young (12288K), 5 survivors (5120K)
 Metaspace       used 101745K, committed 102848K, reserved 557056K
  class space    used 14228K, committed 14784K, reserved 425984K
}
Event: 25.650 GC heap after
{Heap after GC invocations=60 (full 0):
 garbage-first heap   total 256000K, used 152039K [0x0000000080000000, 0x0000000100000000)
  region size 1024K, 1 young (1024K), 1 survivors (1024K)
 Metaspace       used 101745K, committed 102848K, reserved 557056K
  class space    used 14228K, committed 14784K, reserved 425984K
}
Event: 26.269 GC heap before
{Heap before GC invocations=60 (full 0):
 garbage-first heap   total 256000K, used 198119K [0x0000000080000000, 0x0000000100000000)
  region size 1024K, 46 young (47104K), 1 survivors (1024K)
 Metaspace       used 102765K, committed 103808K, reserved 557056K
  class space    used 14327K, committed 14848K, reserved 425984K
}
Event: 26.276 GC heap after
{Heap after GC invocations=61 (full 0):
 garbage-first heap   total 309248K, used 158720K [0x0000000080000000, 0x0000000100000000)
  region size 1024K, 6 young (6144K), 6 survivors (6144K)
 Metaspace       used 102765K, committed 103808K, reserved 557056K
  class space    used 14327K, committed 14848K, reserved 425984K
}
Event: 27.084 GC heap before
{Heap before GC invocations=61 (full 0):
 garbage-first heap   total 309248K, used 226304K [0x0000000080000000, 0x0000000100000000)
  region size 1024K, 72 young (73728K), 6 survivors (6144K)
 Metaspace       used 103301K, committed 104384K, reserved 557056K
  class space    used 14372K, committed 14912K, reserved 425984K
}
Event: 27.091 GC heap after
{Heap after GC invocations=62 (full 0):
 garbage-first heap   total 309248K, used 166038K [0x0000000080000000, 0x0000000100000000)
  region size 1024K, 7 young (7168K), 7 survivors (7168K)
 Metaspace       used 103301K, committed 104384K, reserved 557056K
  class space    used 14372K, committed 14912K, reserved 425984K
}
Event: 27.785 GC heap before
{Heap before GC invocations=62 (full 0):
 garbage-first heap   total 309248K, used 232598K [0x0000000080000000, 0x0000000100000000)
  region size 1024K, 73 young (74752K), 7 survivors (7168K)
 Metaspace       used 104592K, committed 105728K, reserved 557056K
  class space    used 14620K, committed 15232K, reserved 425984K
}
Event: 27.792 GC heap after
{Heap after GC invocations=63 (full 0):
 garbage-first heap   total 309248K, used 170269K [0x0000000080000000, 0x0000000100000000)
  region size 1024K, 4 young (4096K), 4 survivors (4096K)
 Metaspace       used 104592K, committed 105728K, reserved 557056K
  class space    used 14620K, committed 15232K, reserved 425984K
}
Event: 28.369 GC heap before
{Heap before GC invocations=64 (full 0):
 garbage-first heap   total 309248K, used 238877K [0x0000000080000000, 0x0000000100000000)
  region size 1024K, 72 young (73728K), 4 survivors (4096K)
 Metaspace       used 104982K, committed 106112K, reserved 557056K
  class space    used 14672K, committed 15232K, reserved 425984K
}
Event: 28.376 GC heap after
{Heap after GC invocations=65 (full 0):
 garbage-first heap   total 309248K, used 176379K [0x0000000080000000, 0x0000000100000000)
  region size 1024K, 9 young (9216K), 9 survivors (9216K)
 Metaspace       used 104982K, committed 106112K, reserved 557056K
  class space    used 14672K, committed 15232K, reserved 425984K
}
Event: 28.503 GC heap before
{Heap before GC invocations=65 (full 0):
 garbage-first heap   total 309248K, used 182523K [0x0000000080000000, 0x0000000100000000)
  region size 1024K, 15 young (15360K), 9 survivors (9216K)
 Metaspace       used 104983K, committed 106112K, reserved 557056K
  class space    used 14672K, committed 15232K, reserved 425984K
}
Event: 28.509 GC heap after
{Heap after GC invocations=66 (full 0):
 garbage-first heap   total 309248K, used 177495K [0x0000000080000000, 0x0000000100000000)
  region size 1024K, 2 young (2048K), 2 survivors (2048K)
 Metaspace       used 104983K, committed 106112K, reserved 557056K
  class space    used 14672K, committed 15232K, reserved 425984K
}

