# JRE version: OpenJDK Runtime Environment Microsoft-8035246 (17.0.8+7) (build 17.0.8+7-LTS)
# Java VM: OpenJDK 64-Bit Server VM Microsoft-8035246 (17.0.8+7-LTS, mixed mode, sharing, tiered, compressed oops, compressed class ptrs, g1 gc, windows-amd64)
GC Precious Log:
 CPUs: 12 total, 12 available
 Memory: 16091M
 Large Page Support: Disabled
 NUMA Support: Disabled
 Compressed Oops: Enabled (32-bit)
 Heap Region Size: 1M
 Heap Min Capacity: 8M
 Heap Initial Capacity: 252M
 Heap Max Capacity: 2G
 Pre-touch: Disabled
 Parallel Workers: 10
 Concurrent Workers: 3
 Concurrent Refinement Workers: 10
 Periodic GC: Disabled
Heap:
 garbage-first heap   total 327680K, used 181562K [0x0000000080000000, 0x0000000100000000)
  region size 1024K, 8 young (8192K), 5 survivors (5120K)
 Metaspace       used 105084K, committed 106240K, reserved 557056K
  class space    used 14688K, committed 15232K, reserved 425984K
GC Heap History (20 events):
Event: 15.380 GC heap before
{Heap before GC invocations=46 (full 0):
 garbage-first heap   total 190464K, used 120410K [0x0000000080000000, 0x0000000100000000)
  region size 1024K, 9 young (9216K), 7 survivors (7168K)
 Metaspace       used 88909K, committed 89920K, reserved 557056K
  class space    used 12566K, committed 13056K, reserved 425984K
}
Event: 15.385 GC heap after
{Heap after GC invocations=47 (full 0):
 garbage-first heap   total 190464K, used 120700K [0x0000000080000000, 0x0000000100000000)
  region size 1024K, 2 young (2048K), 2 survivors (2048K)
 Metaspace       used 88909K, committed 89920K, reserved 557056K
  class space    used 12566K, committed 13056K, reserved 425984K
}
Event: 15.394 GC heap before
{Heap before GC invocations=47 (full 0):
 garbage-first heap   total 190464K, used 120700K [0x0000000080000000, 0x0000000100000000)
  region size 1024K, 4 young (4096K), 2 survivors (2048K)
 Metaspace       used 88909K, committed 89920K, reserved 557056K
  class space    used 12566K, committed 13056K, reserved 425984K
}
Event: 15.396 GC heap after
{Heap after GC invocations=48 (full 0):
 garbage-first heap   total 190464K, used 121839K [0x0000000080000000, 0x0000000100000000)
  region size 1024K, 3 young (3072K), 3 survivors (3072K)
 Metaspace       used 88909K, committed 89920K, reserved 557056K
  class space    used 12566K, committed 13056K, reserved 425984K
}
Event: 15.690 GC heap before
{Heap before GC invocations=49 (full 0):
 garbage-first heap   total 209920K, used 149487K [0x0000000080000000, 0x0000000100000000)
  region size 1024K, 27 young (27648K), 3 survivors (3072K)
 Metaspace       used 89318K, committed 90368K, reserved 557056K
  class space    used 12617K, committed 13120K, reserved 425984K
}
Event: 15.694 GC heap after
{Heap after GC invocations=50 (full 0):
 garbage-first heap   total 209920K, used 131882K [0x0000000080000000, 0x0000000100000000)
  region size 1024K, 4 young (4096K), 4 survivors (4096K)
 Metaspace       used 89318K, committed 90368K, reserved 557056K
  class space    used 12617K, committed 13120K, reserved 425984K
}
Event: 15.770 GC heap before
{Heap before GC invocations=50 (full 0):
 garbage-first heap   total 209920K, used 138026K [0x0000000080000000, 0x0000000100000000)
  region size 1024K, 10 young (10240K), 4 survivors (4096K)
 Metaspace       used 89487K, committed 90624K, reserved 557056K
  class space    used 12640K, committed 13184K, reserved 425984K
}
Event: 15.774 GC heap after
{Heap after GC invocations=51 (full 0):
 garbage-first heap   total 321536K, used 133658K [0x0000000080000000, 0x0000000100000000)
  region size 1024K, 2 young (2048K), 2 survivors (2048K)
 Metaspace       used 89487K, committed 90624K, reserved 557056K
  class space    used 12640K, committed 13184K, reserved 425984K
}
Event: 16.438 GC heap before
{Heap before GC invocations=51 (full 0):
 garbage-first heap   total 321536K, used 207386K [0x0000000080000000, 0x0000000100000000)
  region size 1024K, 73 young (74752K), 2 survivors (2048K)
 Metaspace       used 92610K, committed 93696K, reserved 557056K
  class space    used 13074K, committed 13568K, reserved 425984K
}
Event: 16.445 GC heap after
{Heap after GC invocations=52 (full 0):
 garbage-first heap   total 321536K, used 144456K [0x0000000080000000, 0x0000000100000000)
  region size 1024K, 10 young (10240K), 10 survivors (10240K)
 Metaspace       used 92610K, committed 93696K, reserved 557056K
  class space    used 13074K, committed 13568K, reserved 425984K
}
Event: 19.471 GC heap before
{Heap before GC invocations=52 (full 0):
 garbage-first heap   total 321536K, used 217160K [0x0000000080000000, 0x0000000100000000)
  region size 1024K, 81 young (82944K), 10 survivors (10240K)
 Metaspace       used 100824K, committed 101952K, reserved 557056K
  class space    used 14131K, committed 14656K, reserved 425984K
}
Event: 19.479 GC heap after
{Heap after GC invocations=53 (full 0):
 garbage-first heap   total 321536K, used 152369K [0x0000000080000000, 0x0000000100000000)
  region size 1024K, 8 young (8192K), 8 survivors (8192K)
 Metaspace       used 100824K, committed 101952K, reserved 557056K
  class space    used 14131K, committed 14656K, reserved 425984K
}
Event: 20.050 GC heap before
{Heap before GC invocations=53 (full 0):
 garbage-first heap   total 321536K, used 227121K [0x0000000080000000, 0x0000000100000000)
  region size 1024K, 81 young (82944K), 8 survivors (8192K)
 Metaspace       used 102880K, committed 104000K, reserved 557056K
  class space    used 14361K, committed 14912K, reserved 425984K
}
Event: 20.058 GC heap after
{Heap after GC invocations=54 (full 0):
 garbage-first heap   total 321536K, used 160800K [0x0000000080000000, 0x0000000100000000)
  region size 1024K, 9 young (9216K), 9 survivors (9216K)
 Metaspace       used 102880K, committed 104000K, reserved 557056K
  class space    used 14361K, committed 14912K, reserved 425984K
}
Event: 20.533 GC heap before
{Heap before GC invocations=55 (full 0):
 garbage-first heap   total 321536K, used 235552K [0x0000000080000000, 0x0000000100000000)
  region size 1024K, 82 young (83968K), 9 survivors (9216K)
 Metaspace       used 104132K, committed 105280K, reserved 557056K
  class space    used 14577K, committed 15104K, reserved 425984K
}
Event: 20.541 GC heap after
{Heap after GC invocations=56 (full 0):
 garbage-first heap   total 321536K, used 168960K [0x0000000080000000, 0x0000000100000000)
  region size 1024K, 8 young (8192K), 8 survivors (8192K)
 Metaspace       used 104132K, committed 105280K, reserved 557056K
  class space    used 14577K, committed 15104K, reserved 425984K
}
Event: 20.570 GC heap before
{Heap before GC invocations=56 (full 0):
 garbage-first heap   total 321536K, used 175104K [0x0000000080000000, 0x0000000100000000)
  region size 1024K, 15 young (15360K), 8 survivors (8192K)
 Metaspace       used 104310K, committed 105536K, reserved 557056K
  class space    used 14634K, committed 15232K, reserved 425984K
}
Event: 20.575 GC heap after
{Heap after GC invocations=57 (full 0):
 garbage-first heap   total 321536K, used 169900K [0x0000000080000000, 0x0000000100000000)
  region size 1024K, 2 young (2048K), 2 survivors (2048K)
 Metaspace       used 104310K, committed 105536K, reserved 557056K
  class space    used 14634K, committed 15232K, reserved 425984K
}
Event: 21.128 GC heap before
{Heap before GC invocations=57 (full 0):
 garbage-first heap   total 321536K, used 242604K [0x0000000080000000, 0x0000000100000000)
  region size 1024K, 74 young (75776K), 2 survivors (2048K)
 Metaspace       used 104996K, committed 106176K, reserved 557056K
  class space    used 14693K, committed 15232K, reserved 425984K
}
Event: 21.133 GC heap after
{Heap after GC invocations=58 (full 0):
 garbage-first heap   total 321536K, used 174909K [0x0000000080000000, 0x0000000100000000)
  region size 1024K, 7 young (7168K), 7 survivors (7168K)
 Metaspace       used 104996K, committed 106176K, reserved 557056K
  class space    used 14693K, committed 15232K, reserved 425984K
}

